# JRE version: Java(TM) SE Runtime Environment (8.0_91-b14) (build 1.8.0_91-b14)
# Java VM: Java HotSpot(TM) 64-Bit Server VM (25.91-b14 mixed mode bsd-amd64 compressed oops)
Heap:
 PSYoungGen      total 321536K, used 3672K [0x00000007aab00000, 0x00000007c0000000, 0x00000007c0000000)
  eden space 293376K, 1% used [0x00000007aab00000,0x00000007aae96228,0x00000007bc980000)
  from space 28160K, 0% used [0x00000007be480000,0x00000007be480000,0x00000007c0000000)
  to   space 27648K, 0% used [0x00000007bc980000,0x00000007bc980000,0x00000007be480000)
 ParOldGen       total 699392K, used 102871K [0x0000000780000000, 0x00000007aab00000, 0x00000007aab00000)
  object space 699392K, 14% used [0x0000000780000000,0x0000000786475dd0,0x00000007aab00000)
 Metaspace       used 189975K, capacity 192109K, committed 199208K, reserved 1216512K
  class space    used 28234K, capacity 28823K, committed 33064K, reserved 1048576K
GC Heap History (10 events):
Event: 79753.275 GC heap before
{Heap before GC invocations=1143 (full 381):
 PSYoungGen      total 320512K, used 96K [0x00000007aab00000, 0x00000007c0000000, 0x00000007c0000000)
  eden space 291840K, 0% used [0x00000007aab00000,0x00000007aab00000,0x00000007bc800000)
  from space 28672K, 0% used [0x00000007be400000,0x00000007be418000,0x00000007c0000000)
  to   space 28672K, 0% used [0x00000007bc800000,0x00000007bc800000,0x00000007be400000)
 ParOldGen       total 699392K, used 123424K [0x0000000780000000, 0x00000007aab00000, 0x00000007aab00000)
  object space 699392K, 17% used [0x0000000780000000,0x00000007878881a8,0x00000007aab00000)
 Metaspace       used 191514K, capacity 193857K, committed 199208K, reserved 1216512K
  class space    used 28582K, capacity 29271K, committed 33064K, reserved 1048576K
Event: 79753.695 GC heap after
Heap after GC invocations=1143 (full 381):
 PSYoungGen      total 320512K, used 0K [0x00000007aab00000, 0x00000007c0000000, 0x00000007c0000000)
  eden space 291840K, 0% used [0x00000007aab00000,0x00000007aab00000,0x00000007bc800000)
  from space 28672K, 0% used [0x00000007be400000,0x00000007be400000,0x00000007c0000000)
  to   space 28672K, 0% used [0x00000007bc800000,0x00000007bc800000,0x00000007be400000)
 ParOldGen       total 699392K, used 118562K [0x0000000780000000, 0x00000007aab00000, 0x00000007aab00000)
  object space 699392K, 16% used [0x0000000780000000,0x00000007873c8ab0,0x00000007aab00000)
 Metaspace       used 191514K, capacity 193857K, committed 199208K, reserved 1216512K
  class space    used 28582K, capacity 29271K, committed 33064K, reserved 1048576K
}
Event: 79930.388 GC heap before
{Heap before GC invocations=1144 (full 381):
 PSYoungGen      total 320512K, used 23277K [0x00000007aab00000, 0x00000007c0000000, 0x00000007c0000000)
  eden space 291840K, 7% used [0x00000007aab00000,0x00000007ac1bb6b8,0x00000007bc800000)
  from space 28672K, 0% used [0x00000007be400000,0x00000007be400000,0x00000007c0000000)
  to   space 28672K, 0% used [0x00000007bc800000,0x00000007bc800000,0x00000007be400000)
 ParOldGen       total 699392K, used 118562K [0x0000000780000000, 0x00000007aab00000, 0x00000007aab00000)
  object space 699392K, 16% used [0x0000000780000000,0x00000007873c8ab0,0x00000007aab00000)
 Metaspace       used 191555K, capacity 193921K, committed 199208K, reserved 1216512K
  class space    used 28597K, capacity 29271K, committed 33064K, reserved 1048576K
Event: 79930.393 GC heap after
Heap after GC invocations=1144 (full 381):
 PSYoungGen      total 320512K, used 480K [0x00000007aab00000, 0x00000007c0000000, 0x00000007c0000000)
  eden space 291840K, 0% used [0x00000007aab00000,0x00000007aab00000,0x00000007bc800000)
  from space 28672K, 1% used [0x00000007bc800000,0x00000007bc878010,0x00000007be400000)
  to   space 28160K, 0% used [0x00000007be480000,0x00000007be480000,0x00000007c0000000)
 ParOldGen       total 699392K, used 118562K [0x0000000780000000, 0x00000007aab00000, 0x00000007aab00000)
  object space 699392K, 16% used [0x0000000780000000,0x00000007873c8ab0,0x00000007aab00000)
 Metaspace       used 191555K, capacity 193921K, committed 199208K, reserved 1216512K
  class space    used 28597K, capacity 29271K, committed 33064K, reserved 1048576K
}
Event: 79930.393 GC heap before
{Heap before GC invocations=1145 (full 382):
 PSYoungGen      total 320512K, used 480K [0x00000007aab00000, 0x00000007c0000000, 0x00000007c0000000)
  eden space 291840K, 0% used [0x00000007aab00000,0x00000007aab00000,0x00000007bc800000)
  from space 28672K, 1% used [0x00000007bc800000,0x00000007bc878010,0x00000007be400000)
  to   space 28160K, 0% used [0x00000007be480000,0x00000007be480000,0x00000007c0000000)
 ParOldGen       total 699392K, used 118562K [0x0000000780000000, 0x00000007aab00000, 0x00000007aab00000)
  object space 699392K, 16% used [0x0000000780000000,0x00000007873c8ab0,0x00000007aab00000)
 Metaspace       used 191555K, capacity 193921K, committed 199208K, reserved 1216512K
  class space    used 28597K, capacity 29271K, committed 33064K, reserved 1048576K
Event: 79930.833 GC heap after
Heap after GC invocations=1145 (full 382):
 PSYoungGen      total 320512K, used 0K [0x00000007aab00000, 0x00000007c0000000, 0x00000007c0000000)
  eden space 291840K, 0% used [0x00000007aab00000,0x00000007aab00000,0x00000007bc800000)
  from space 28672K, 0% used [0x00000007bc800000,0x00000007bc800000,0x00000007be400000)
  to   space 28160K, 0% used [0x00000007be480000,0x00000007be480000,0x00000007c0000000)
 ParOldGen       total 699392K, used 103837K [0x0000000780000000, 0x00000007aab00000, 0x00000007aab00000)
  object space 699392K, 14% used [0x0000000780000000,0x0000000786567718,0x00000007aab00000)
 Metaspace       used 189974K, capacity 192105K, committed 199208K, reserved 1216512K
  class space    used 28234K, capacity 28823K, committed 33064K, reserved 1048576K
}
Event: 79930.839 GC heap before
{Heap before GC invocations=1146 (full 382):
 PSYoungGen      total 320512K, used 620K [0x00000007aab00000, 0x00000007c0000000, 0x00000007c0000000)
  eden space 291840K, 0% used [0x00000007aab00000,0x00000007aab9b250,0x00000007bc800000)
  from space 28672K, 0% used [0x00000007bc800000,0x00000007bc800000,0x00000007be400000)
  to   space 28160K, 0% used [0x00000007be480000,0x00000007be480000,0x00000007c0000000)
 ParOldGen       total 699392K, used 103837K [0x0000000780000000, 0x00000007aab00000, 0x00000007aab00000)
  object space 699392K, 14% used [0x0000000780000000,0x0000000786567718,0x00000007aab00000)
 Metaspace       used 189974K, capacity 192105K, committed 199208K, reserved 1216512K
  class space    used 28234K, capacity 28823K, committed 33064K, reserved 1048576K
Event: 79930.843 GC heap after
Heap after GC invocations=1146 (full 382):
 PSYoungGen      total 321536K, used 192K [0x00000007aab00000, 0x00000007c0000000, 0x00000007c0000000)
  eden space 293376K, 0% used [0x00000007aab00000,0x00000007aab00000,0x00000007bc980000)
  from space 28160K, 0% used [0x00000007be480000,0x00000007be4b0000,0x00000007c0000000)
  to   space 27648K, 0% used [0x00000007bc980000,0x00000007bc980000,0x00000007be480000)
 ParOldGen       total 699392K, used 103837K [0x0000000780000000, 0x00000007aab00000, 0x00000007aab00000)
  object space 699392K, 14% used [0x0000000780000000,0x0000000786567718,0x00000007aab00000)
 Metaspace       used 189974K, capacity 192105K, committed 199208K, reserved 1216512K
  class space    used 28234K, capacity 28823K, committed 33064K, reserved 1048576K
}
Event: 79930.843 GC heap before
{Heap before GC invocations=1147 (full 383):
 PSYoungGen      total 321536K, used 192K [0x00000007aab00000, 0x00000007c0000000, 0x00000007c0000000)
  eden space 293376K, 0% used [0x00000007aab00000,0x00000007aab00000,0x00000007bc980000)
  from space 28160K, 0% used [0x00000007be480000,0x00000007be4b0000,0x00000007c0000000)
  to   space 27648K, 0% used [0x00000007bc980000,0x00000007bc980000,0x00000007be480000)
 ParOldGen       total 699392K, used 103837K [0x0000000780000000, 0x00000007aab00000, 0x00000007aab00000)
  object space 699392K, 14% used [0x0000000780000000,0x0000000786567718,0x00000007aab00000)
 Metaspace       used 189974K, capacity 192105K, committed 199208K, reserved 1216512K
  class space    used 28234K, capacity 28823K, committed 33064K, reserved 1048576K
Event: 79931.145 GC heap after
Heap after GC invocations=1147 (full 383):
 PSYoungGen      total 321536K, used 0K [0x00000007aab00000, 0x00000007c0000000, 0x00000007c0000000)
  eden space 293376K, 0% used [0x00000007aab00000,0x00000007aab00000,0x00000007bc980000)
  from space 28160K, 0% used [0x00000007be480000,0x00000007be480000,0x00000007c0000000)
  to   space 27648K, 0% used [0x00000007bc980000,0x00000007bc980000,0x00000007be480000)
 ParOldGen       total 699392K, used 102871K [0x0000000780000000, 0x00000007aab00000, 0x00000007aab00000)
  object space 699392K, 14% used [0x0000000780000000,0x0000000786475dd0,0x00000007aab00000)
 Metaspace       used 189974K, capacity 192105K, committed 199208K, reserved 1216512K
  class space    used 28234K, capacity 28823K, committed 33064K, reserved 1048576K
}

